mode: set
github.com/tigrisdata/ocache/server/compaction/compactor.go:54.114,64.2 1 1
github.com/tigrisdata/ocache/server/compaction/compactor.go:68.29,71.2 2 1
github.com/tigrisdata/ocache/server/compaction/compactor.go:74.29,75.14 1 1
github.com/tigrisdata/ocache/server/compaction/compactor.go:75.14,77.3 1 1
github.com/tigrisdata/ocache/server/compaction/compactor.go:78.2,79.13 2 1
github.com/tigrisdata/ocache/server/compaction/compactor.go:83.38,91.6 5 1
github.com/tigrisdata/ocache/server/compaction/compactor.go:91.6,92.10 1 1
github.com/tigrisdata/ocache/server/compaction/compactor.go:93.19,94.30 1 0
github.com/tigrisdata/ocache/server/compaction/compactor.go:95.20,97.10 2 1
github.com/tigrisdata/ocache/server/compaction/compactor.go:103.71,109.2 4 1
github.com/tigrisdata/ocache/server/compaction/compactor.go:112.50,130.16 9 1
github.com/tigrisdata/ocache/server/compaction/compactor.go:130.16,133.3 2 0
github.com/tigrisdata/ocache/server/compaction/compactor.go:135.2,136.68 2 1
github.com/tigrisdata/ocache/server/compaction/compactor.go:136.68,141.10 4 1
github.com/tigrisdata/ocache/server/compaction/compactor.go:141.10,144.12 3 0
github.com/tigrisdata/ocache/server/compaction/compactor.go:148.3,149.17 2 1
github.com/tigrisdata/ocache/server/compaction/compactor.go:149.17,150.26 1 1
github.com/tigrisdata/ocache/server/compaction/compactor.go:150.26,152.13 2 1
github.com/tigrisdata/ocache/server/compaction/compactor.go:154.4,155.12 2 0
github.com/tigrisdata/ocache/server/compaction/compactor.go:160.3,160.64 1 1
github.com/tigrisdata/ocache/server/compaction/compactor.go:160.64,161.9 1 0
github.com/tigrisdata/ocache/server/compaction/compactor.go:165.3,166.17 2 1
github.com/tigrisdata/ocache/server/compaction/compactor.go:166.17,168.12 2 0
github.com/tigrisdata/ocache/server/compaction/compactor.go:171.3,171.22 1 1
github.com/tigrisdata/ocache/server/compaction/compactor.go:171.22,176.12 4 1
github.com/tigrisdata/ocache/server/compaction/compactor.go:179.3,180.59 2 1
github.com/tigrisdata/ocache/server/compaction/compactor.go:180.59,183.12 3 1
github.com/tigrisdata/ocache/server/compaction/compactor.go:185.3,188.64 2 1
github.com/tigrisdata/ocache/server/compaction/compactor.go:188.64,191.4 2 0
github.com/tigrisdata/ocache/server/compaction/compactor.go:194.3,195.17 2 1
github.com/tigrisdata/ocache/server/compaction/compactor.go:195.17,197.12 2 0
github.com/tigrisdata/ocache/server/compaction/compactor.go:199.3,199.68 1 1
github.com/tigrisdata/ocache/server/compaction/compactor.go:199.68,202.12 3 0
github.com/tigrisdata/ocache/server/compaction/compactor.go:204.3,213.30 7 1
github.com/tigrisdata/ocache/server/compaction/compactor.go:217.2,217.54 1 1
github.com/tigrisdata/ocache/server/compaction/compactor.go:217.54,220.3 2 0
github.com/tigrisdata/ocache/server/compaction/compactor.go:222.2,222.111 1 1
github.com/tigrisdata/ocache/server/compaction/compactor.go:228.73,231.18 2 1
github.com/tigrisdata/ocache/server/compaction/compactor.go:231.18,233.3 1 1
github.com/tigrisdata/ocache/server/compaction/compactor.go:234.2,239.8 4 1
github.com/tigrisdata/ocache/server/compaction/compactor.go:244.124,246.16 2 1
github.com/tigrisdata/ocache/server/compaction/compactor.go:246.16,248.3 1 0
github.com/tigrisdata/ocache/server/compaction/compactor.go:250.2,255.12 5 1
github.com/tigrisdata/ocache/server/compaction/compactor.go:259.100,260.21 1 1
github.com/tigrisdata/ocache/server/compaction/compactor.go:260.21,262.3 1 1
github.com/tigrisdata/ocache/server/compaction/compactor.go:265.2,265.46 1 1
github.com/tigrisdata/ocache/server/compaction/compactor.go:265.46,267.3 1 0
github.com/tigrisdata/ocache/server/compaction/compactor.go:269.2,269.85 1 1
github.com/tigrisdata/ocache/server/compaction/compactor.go:269.85,271.3 1 0
github.com/tigrisdata/ocache/server/compaction/compactor.go:274.2,274.29 1 1
github.com/tigrisdata/ocache/server/compaction/compactor.go:274.29,276.3 1 1
github.com/tigrisdata/ocache/server/compaction/compactor.go:277.2,277.12 1 1
github.com/tigrisdata/ocache/server/compaction/compactor.go:282.79,283.34 1 1
github.com/tigrisdata/ocache/server/compaction/compactor.go:283.34,285.3 1 1
github.com/tigrisdata/ocache/server/compaction/compactor.go:286.2,286.51 1 1
github.com/tigrisdata/ocache/server/compaction/compactor.go:286.51,288.3 1 0
github.com/tigrisdata/ocache/server/compaction/compactor.go:289.2,290.16 2 1
github.com/tigrisdata/ocache/server/compaction/compactor.go:290.16,292.3 1 0
github.com/tigrisdata/ocache/server/compaction/compactor.go:293.2,294.12 2 1
